{"total": {"lines":{"total":64,"covered":62,"skipped":0,"pct":96.87},"statements":{"total":64,"covered":62,"skipped":0,"pct":96.87},"functions":{"total":11,"covered":9,"skipped":0,"pct":81.81},"branches":{"total":0,"covered":0,"skipped":0,"pct":100},"branchesTrue":{"total":0,"covered":0,"skipped":0,"pct":100}}
,"C:\\Users\\Georgi\\Desktop\\ReactProject\\Git Uploads\\Restaurant_Service\\development\\src\\common-templates\\ButtonComponent.vue": {"lines":{"total":14,"covered":14,"skipped":0,"pct":100},"functions":{"total":2,"covered":2,"skipped":0,"pct":100},"statements":{"total":14,"covered":14,"skipped":0,"pct":100},"branches":{"total":0,"covered":0,"skipped":0,"pct":100}}
,"C:\\Users\\Georgi\\Desktop\\ReactProject\\Git Uploads\\Restaurant_Service\\development\\src\\common-templates\\CardComponent.vue": {"lines":{"total":6,"covered":6,"skipped":0,"pct":100},"functions":{"total":1,"covered":1,"skipped":0,"pct":100},"statements":{"total":6,"covered":6,"skipped":0,"pct":100},"branches":{"total":0,"covered":0,"skipped":0,"pct":100}}
,"C:\\Users\\Georgi\\Desktop\\ReactProject\\Git Uploads\\Restaurant_Service\\development\\src\\common-templates\\ErrorModal.vue": {"lines":{"total":19,"covered":18,"skipped":0,"pct":94.73},"functions":{"total":3,"covered":2,"skipped":0,"pct":66.66},"statements":{"total":19,"covered":18,"skipped":0,"pct":94.73},"branches":{"total":0,"covered":0,"skipped":0,"pct":100}}
,"C:\\Users\\Georgi\\Desktop\\ReactProject\\Git Uploads\\Restaurant_Service\\development\\src\\pages\\AboutUsPage.vue": {"lines":{"total":23,"covered":22,"skipped":0,"pct":95.65},"functions":{"total":5,"covered":4,"skipped":0,"pct":80},"statements":{"total":23,"covered":22,"skipped":0,"pct":95.65},"branches":{"total":0,"covered":0,"skipped":0,"pct":100}}
,"C:\\Users\\Georgi\\Desktop\\ReactProject\\Git Uploads\\Restaurant_Service\\development\\src\\utils\\constants.ts": {"lines":{"total":2,"covered":2,"skipped":0,"pct":100},"functions":{"total":0,"covered":0,"skipped":0,"pct":100},"statements":{"total":2,"covered":2,"skipped":0,"pct":100},"branches":{"total":0,"covered":0,"skipped":0,"pct":100}}
}
