{"total": {"lines":{"total":1035,"covered":446,"skipped":0,"pct":43.09},"statements":{"total":1084,"covered":452,"skipped":0,"pct":41.69},"functions":{"total":246,"covered":40,"skipped":0,"pct":16.26},"branches":{"total":495,"covered":156,"skipped":0,"pct":31.51},"branchesTrue":{"total":0,"covered":0,"skipped":0,"pct":100}}
,"C:\\Users\\Georgi\\Desktop\\ReactProject\\Git Uploads\\Restaurant_Service\\development\\src\\assets\\logo-full.png": {"lines":{"total":1,"covered":1,"skipped":0,"pct":100},"functions":{"total":0,"covered":0,"skipped":0,"pct":100},"statements":{"total":1,"covered":1,"skipped":0,"pct":100},"branches":{"total":0,"covered":0,"skipped":0,"pct":100}}
,"C:\\Users\\Georgi\\Desktop\\ReactProject\\Git Uploads\\Restaurant_Service\\development\\src\\common-templates\\BasicInput.vue": {"lines":{"total":23,"covered":11,"skipped":0,"pct":47.82},"functions":{"total":4,"covered":0,"skipped":0,"pct":0},"statements":{"total":23,"covered":11,"skipped":0,"pct":47.82},"branches":{"total":2,"covered":0,"skipped":0,"pct":0}}
,"C:\\Users\\Georgi\\Desktop\\ReactProject\\Git Uploads\\Restaurant_Service\\development\\src\\common-templates\\ButtonComponent.vue": {"lines":{"total":14,"covered":14,"skipped":0,"pct":100},"functions":{"total":2,"covered":2,"skipped":0,"pct":100},"statements":{"total":14,"covered":14,"skipped":0,"pct":100},"branches":{"total":0,"covered":0,"skipped":0,"pct":100}}
,"C:\\Users\\Georgi\\Desktop\\ReactProject\\Git Uploads\\Restaurant_Service\\development\\src\\common-templates\\CardComponent.vue": {"lines":{"total":6,"covered":5,"skipped":0,"pct":83.33},"functions":{"total":1,"covered":0,"skipped":0,"pct":0},"statements":{"total":6,"covered":5,"skipped":0,"pct":83.33},"branches":{"total":0,"covered":0,"skipped":0,"pct":100}}
,"C:\\Users\\Georgi\\Desktop\\ReactProject\\Git Uploads\\Restaurant_Service\\development\\src\\common-templates\\ClientModal.vue": {"lines":{"total":61,"covered":26,"skipped":0,"pct":42.62},"functions":{"total":16,"covered":2,"skipped":0,"pct":12.5},"statements":{"total":67,"covered":27,"skipped":0,"pct":40.29},"branches":{"total":40,"covered":16,"skipped":0,"pct":40}}
,"C:\\Users\\Georgi\\Desktop\\ReactProject\\Git Uploads\\Restaurant_Service\\development\\src\\common-templates\\ErrorModal.vue": {"lines":{"total":19,"covered":18,"skipped":0,"pct":94.73},"functions":{"total":3,"covered":2,"skipped":0,"pct":66.66},"statements":{"total":19,"covered":18,"skipped":0,"pct":94.73},"branches":{"total":0,"covered":0,"skipped":0,"pct":100}}
,"C:\\Users\\Georgi\\Desktop\\ReactProject\\Git Uploads\\Restaurant_Service\\development\\src\\common-templates\\HeaderComponent.vue": {"lines":{"total":113,"covered":78,"skipped":0,"pct":69.02},"functions":{"total":27,"covered":18,"skipped":0,"pct":66.66},"statements":{"total":120,"covered":79,"skipped":0,"pct":65.83},"branches":{"total":108,"covered":53,"skipped":0,"pct":49.07}}
,"C:\\Users\\Georgi\\Desktop\\ReactProject\\Git Uploads\\Restaurant_Service\\development\\src\\pages\\AboutUsPage.vue": {"lines":{"total":23,"covered":13,"skipped":0,"pct":56.52},"functions":{"total":5,"covered":0,"skipped":0,"pct":0},"statements":{"total":23,"covered":13,"skipped":0,"pct":56.52},"branches":{"total":0,"covered":0,"skipped":0,"pct":100}}
,"C:\\Users\\Georgi\\Desktop\\ReactProject\\Git Uploads\\Restaurant_Service\\development\\src\\pages\\HomePage.vue": {"lines":{"total":31,"covered":15,"skipped":0,"pct":48.38},"functions":{"total":7,"covered":1,"skipped":0,"pct":14.28},"statements":{"total":31,"covered":15,"skipped":0,"pct":48.38},"branches":{"total":12,"covered":5,"skipped":0,"pct":41.66}}
,"C:\\Users\\Georgi\\Desktop\\ReactProject\\Git Uploads\\Restaurant_Service\\development\\src\\pages\\AdminPanelPage\\AdminPanelPage.vue": {"lines":{"total":12,"covered":7,"skipped":0,"pct":58.33},"functions":{"total":3,"covered":0,"skipped":0,"pct":0},"statements":{"total":12,"covered":7,"skipped":0,"pct":58.33},"branches":{"total":0,"covered":0,"skipped":0,"pct":100}}
,"C:\\Users\\Georgi\\Desktop\\ReactProject\\Git Uploads\\Restaurant_Service\\development\\src\\pages\\AdminPanelPage\\RegisterForm.vue": {"lines":{"total":56,"covered":22,"skipped":0,"pct":39.28},"functions":{"total":12,"covered":2,"skipped":0,"pct":16.66},"statements":{"total":63,"covered":23,"skipped":0,"pct":36.5},"branches":{"total":42,"covered":17,"skipped":0,"pct":40.47}}
,"C:\\Users\\Georgi\\Desktop\\ReactProject\\Git Uploads\\Restaurant_Service\\development\\src\\pages\\AdminPanelPage\\UsersList.vue": {"lines":{"total":22,"covered":11,"skipped":0,"pct":50},"functions":{"total":4,"covered":0,"skipped":0,"pct":0},"statements":{"total":22,"covered":11,"skipped":0,"pct":50},"branches":{"total":0,"covered":0,"skipped":0,"pct":100}}
,"C:\\Users\\Georgi\\Desktop\\ReactProject\\Git Uploads\\Restaurant_Service\\development\\src\\pages\\Authentication\\EmployeeLoginPage.vue": {"lines":{"total":131,"covered":30,"skipped":0,"pct":22.9},"functions":{"total":31,"covered":2,"skipped":0,"pct":6.45},"statements":{"total":144,"covered":31,"skipped":0,"pct":21.52},"branches":{"total":114,"covered":21,"skipped":0,"pct":18.42}}
,"C:\\Users\\Georgi\\Desktop\\ReactProject\\Git Uploads\\Restaurant_Service\\development\\src\\pages\\MenuPage\\CategoryFilter.vue": {"lines":{"total":25,"covered":14,"skipped":0,"pct":56},"functions":{"total":4,"covered":0,"skipped":0,"pct":0},"statements":{"total":25,"covered":14,"skipped":0,"pct":56},"branches":{"total":2,"covered":0,"skipped":0,"pct":0}}
,"C:\\Users\\Georgi\\Desktop\\ReactProject\\Git Uploads\\Restaurant_Service\\development\\src\\pages\\MenuPage\\MenuComponent.vue": {"lines":{"total":30,"covered":19,"skipped":0,"pct":63.33},"functions":{"total":5,"covered":1,"skipped":0,"pct":20},"statements":{"total":30,"covered":19,"skipped":0,"pct":63.33},"branches":{"total":10,"covered":5,"skipped":0,"pct":50}}
,"C:\\Users\\Georgi\\Desktop\\ReactProject\\Git Uploads\\Restaurant_Service\\development\\src\\pages\\MenuPage\\MenuItem.vue": {"lines":{"total":47,"covered":18,"skipped":0,"pct":38.29},"functions":{"total":12,"covered":1,"skipped":0,"pct":8.33},"statements":{"total":51,"covered":18,"skipped":0,"pct":35.29},"branches":{"total":20,"covered":7,"skipped":0,"pct":35}}
,"C:\\Users\\Georgi\\Desktop\\ReactProject\\Git Uploads\\Restaurant_Service\\development\\src\\pages\\MenuPage\\MenuList.vue": {"lines":{"total":26,"covered":14,"skipped":0,"pct":53.84},"functions":{"total":6,"covered":1,"skipped":0,"pct":16.66},"statements":{"total":26,"covered":14,"skipped":0,"pct":53.84},"branches":{"total":6,"covered":5,"skipped":0,"pct":83.33}}
,"C:\\Users\\Georgi\\Desktop\\ReactProject\\Git Uploads\\Restaurant_Service\\development\\src\\pages\\MenuPage\\ModalComponent.vue": {"lines":{"total":84,"covered":28,"skipped":0,"pct":33.33},"functions":{"total":25,"covered":2,"skipped":0,"pct":8},"statements":{"total":90,"covered":29,"skipped":0,"pct":32.22},"branches":{"total":60,"covered":16,"skipped":0,"pct":26.66}}
,"C:\\Users\\Georgi\\Desktop\\ReactProject\\Git Uploads\\Restaurant_Service\\development\\src\\pages\\MenuPage\\SearchInput.vue": {"lines":{"total":23,"covered":12,"skipped":0,"pct":52.17},"functions":{"total":4,"covered":0,"skipped":0,"pct":0},"statements":{"total":23,"covered":12,"skipped":0,"pct":52.17},"branches":{"total":2,"covered":0,"skipped":0,"pct":0}}
,"C:\\Users\\Georgi\\Desktop\\ReactProject\\Git Uploads\\Restaurant_Service\\development\\src\\pages\\OrdersPage\\AdminView.vue": {"lines":{"total":22,"covered":14,"skipped":0,"pct":63.63},"functions":{"total":3,"covered":0,"skipped":0,"pct":0},"statements":{"total":22,"covered":14,"skipped":0,"pct":63.63},"branches":{"total":4,"covered":0,"skipped":0,"pct":0}}
,"C:\\Users\\Georgi\\Desktop\\ReactProject\\Git Uploads\\Restaurant_Service\\development\\src\\pages\\OrdersPage\\CartComponent.vue": {"lines":{"total":51,"covered":25,"skipped":0,"pct":49.01},"functions":{"total":12,"covered":1,"skipped":0,"pct":8.33},"statements":{"total":51,"covered":25,"skipped":0,"pct":49.01},"branches":{"total":12,"covered":5,"skipped":0,"pct":41.66}}
,"C:\\Users\\Georgi\\Desktop\\ReactProject\\Git Uploads\\Restaurant_Service\\development\\src\\pages\\OrdersPage\\OrdersPage.vue": {"lines":{"total":34,"covered":18,"skipped":0,"pct":52.94},"functions":{"total":4,"covered":1,"skipped":0,"pct":25},"statements":{"total":34,"covered":18,"skipped":0,"pct":52.94},"branches":{"total":12,"covered":5,"skipped":0,"pct":41.66}}
,"C:\\Users\\Georgi\\Desktop\\ReactProject\\Git Uploads\\Restaurant_Service\\development\\src\\pages\\OrdersPage\\TotalComponent.vue": {"lines":{"total":39,"covered":14,"skipped":0,"pct":35.89},"functions":{"total":6,"covered":0,"skipped":0,"pct":0},"statements":{"total":41,"covered":14,"skipped":0,"pct":34.14},"branches":{"total":4,"covered":0,"skipped":0,"pct":0}}
,"C:\\Users\\Georgi\\Desktop\\ReactProject\\Git Uploads\\Restaurant_Service\\development\\src\\router\\index.ts": {"lines":{"total":13,"covered":3,"skipped":0,"pct":23.07},"functions":{"total":3,"covered":0,"skipped":0,"pct":0},"statements":{"total":15,"covered":3,"skipped":0,"pct":20},"branches":{"total":8,"covered":0,"skipped":0,"pct":0}}
,"C:\\Users\\Georgi\\Desktop\\ReactProject\\Git Uploads\\Restaurant_Service\\development\\src\\services\\classes.ts": {"lines":{"total":0,"covered":0,"skipped":0,"pct":100},"functions":{"total":3,"covered":0,"skipped":0,"pct":0},"statements":{"total":0,"covered":0,"skipped":0,"pct":100},"branches":{"total":0,"covered":0,"skipped":0,"pct":100}}
,"C:\\Users\\Georgi\\Desktop\\ReactProject\\Git Uploads\\Restaurant_Service\\development\\src\\services\\firebaseConfig.ts": {"lines":{"total":5,"covered":5,"skipped":0,"pct":100},"functions":{"total":0,"covered":0,"skipped":0,"pct":100},"statements":{"total":5,"covered":5,"skipped":0,"pct":100},"branches":{"total":0,"covered":0,"skipped":0,"pct":100}}
,"C:\\Users\\Georgi\\Desktop\\ReactProject\\Git Uploads\\Restaurant_Service\\development\\src\\services\\menuServices\\menuServices.ts": {"lines":{"total":33,"covered":0,"skipped":0,"pct":0},"functions":{"total":6,"covered":0,"skipped":0,"pct":0},"statements":{"total":33,"covered":0,"skipped":0,"pct":0},"branches":{"total":10,"covered":0,"skipped":0,"pct":0}}
,"C:\\Users\\Georgi\\Desktop\\ReactProject\\Git Uploads\\Restaurant_Service\\development\\src\\services\\orderServices\\orderServices.ts": {"lines":{"total":8,"covered":0,"skipped":0,"pct":0},"functions":{"total":2,"covered":0,"skipped":0,"pct":0},"statements":{"total":8,"covered":0,"skipped":0,"pct":0},"branches":{"total":4,"covered":0,"skipped":0,"pct":0}}
,"C:\\Users\\Georgi\\Desktop\\ReactProject\\Git Uploads\\Restaurant_Service\\development\\src\\store\\orderStore.ts": {"lines":{"total":26,"covered":1,"skipped":0,"pct":3.84},"functions":{"total":11,"covered":0,"skipped":0,"pct":0},"statements":{"total":27,"covered":1,"skipped":0,"pct":3.7},"branches":{"total":6,"covered":0,"skipped":0,"pct":0}}
,"C:\\Users\\Georgi\\Desktop\\ReactProject\\Git Uploads\\Restaurant_Service\\development\\src\\store\\productStore.ts": {"lines":{"total":27,"covered":1,"skipped":0,"pct":3.7},"functions":{"total":11,"covered":0,"skipped":0,"pct":0},"statements":{"total":27,"covered":1,"skipped":0,"pct":3.7},"branches":{"total":11,"covered":0,"skipped":0,"pct":0}}
,"C:\\Users\\Georgi\\Desktop\\ReactProject\\Git Uploads\\Restaurant_Service\\development\\src\\store\\usersStore.ts": {"lines":{"total":11,"covered":6,"skipped":0,"pct":54.54},"functions":{"total":7,"covered":4,"skipped":0,"pct":57.14},"statements":{"total":12,"covered":7,"skipped":0,"pct":58.33},"branches":{"total":4,"covered":1,"skipped":0,"pct":25}}
,"C:\\Users\\Georgi\\Desktop\\ReactProject\\Git Uploads\\Restaurant_Service\\development\\src\\utils\\constants.ts": {"lines":{"total":2,"covered":2,"skipped":0,"pct":100},"functions":{"total":0,"covered":0,"skipped":0,"pct":100},"statements":{"total":2,"covered":2,"skipped":0,"pct":100},"branches":{"total":0,"covered":0,"skipped":0,"pct":100}}
,"C:\\Users\\Georgi\\Desktop\\ReactProject\\Git Uploads\\Restaurant_Service\\development\\src\\utils\\imageConvertor.ts": {"lines":{"total":15,"covered":0,"skipped":0,"pct":0},"functions":{"total":6,"covered":0,"skipped":0,"pct":0},"statements":{"total":15,"covered":0,"skipped":0,"pct":0},"branches":{"total":2,"covered":0,"skipped":0,"pct":0}}
,"C:\\Users\\Georgi\\Desktop\\ReactProject\\Git Uploads\\Restaurant_Service\\development\\src\\utils\\notifications.ts": {"lines":{"total":2,"covered":1,"skipped":0,"pct":50},"functions":{"total":1,"covered":0,"skipped":0,"pct":0},"statements":{"total":2,"covered":1,"skipped":0,"pct":50},"branches":{"total":0,"covered":0,"skipped":0,"pct":100}}
}
